Using pre-set license
Desktop is 1920 x 1080 @ 60 Hz

 COMMAND LINE ARGUMENTS:
Unity
-adb2
-batchMode
-noUpm
-name
AssetImportWorker0
-projectPath
/home/emmvw/Unity/Projects/MI/MobileInteraction/ButtonBonanza
-logFile
Logs/AssetImportWorker0.log
-srvPort
44565
Successfully changed project path to: /home/emmvw/Unity/Projects/MI/MobileInteraction/ButtonBonanza
/home/emmvw/Unity/Projects/MI/MobileInteraction/ButtonBonanza
Using Asset Import Pipeline V2.
Refreshing native plugins compatible for Editor in 55,73 ms, found 0 plugins.
Preloading 0 native plugins for Editor in 0,00 ms.
Initialize engine version: 2020.3.8f1 (507919d4fff5)
[Subsystems] Discovering subsystems at path /home/emmvw/Unity/Hub/Editor/2020.3.8f1/Editor/Data/Resources/UnitySubsystems
[Subsystems] Discovering subsystems at path /home/emmvw/Unity/Projects/MI/MobileInteraction/ButtonBonanza/Assets
GLX Extensions: GLX_ARB_create_context GLX_ARB_create_context_no_error GLX_ARB_create_context_profile GLX_ARB_create_context_robustness GLX_ARB_fbconfig_float GLX_ARB_framebuffer_sRGB GLX_ARB_get_proc_address GLX_ARB_multisample GLX_EXT_buffer_age GLX_EXT_create_context_es2_profile GLX_EXT_create_context_es_profile GLX_EXT_fbconfig_packed_float GLX_EXT_framebuffer_sRGB GLX_EXT_import_context GLX_EXT_texture_from_pixmap GLX_EXT_visual_info GLX_EXT_visual_rating GLX_INTEL_swap_event GLX_MESA_copy_sub_buffer GLX_MESA_query_renderer GLX_MESA_swap_control GLX_OML_swap_method GLX_OML_sync_control GLX_SGIS_multisample GLX_SGIX_fbconfig GLX_SGIX_pbuffer GLX_SGIX_visual_select_group GLX_SGI_make_current_read GLX_SGI_swap_control GLX_SGI_video_sync 
Renderer: Mesa Intel(R) HD Graphics 520 (SKL GT2)
Vendor:   Intel
Version:  4.6 (Core Profile) Mesa 20.2.6
GLES:     0
 GL_3DFX_texture_compression_FXT1 GL_AMD_conservative_depth GL_AMD_depth_clamp_separate GL_AMD_draw_buffers_blend GL_AMD_gpu_shader_int64 GL_AMD_multi_draw_indirect GL_AMD_performance_monitor GL_AMD_pinned_memory GL_AMD_query_buffer_object GL_AMD_seamless_cubemap_per_texture GL_AMD_shader_stencil_export GL_AMD_shader_trinary_minmax GL_AMD_texture_texture4 GL_AMD_vertex_shader_layer GL_AMD_vertex_shader_viewport_index GL_ANGLE_texture_compression_dxt3 GL_ANGLE_texture_compression_dxt5 GL_ARB_ES2_compatibility GL_ARB_ES3_1_compatibility GL_ARB_ES3_2_compatibility GL_ARB_ES3_compatibility GL_ARB_arrays_of_arrays GL_ARB_base_instance GL_ARB_blend_func_extended GL_ARB_buffer_storage GL_ARB_clear_buffer_object GL_ARB_clear_texture GL_ARB_clip_control GL_ARB_compressed_texture_pixel_storage GL_ARB_compute_shader GL_ARB_compute_variable_group_size GL_ARB_conditional_render_inverted GL_ARB_conservative_depth GL_ARB_copy_buffer GL_ARB_copy_image GL_ARB_cull_distance GL_ARB_debug_output GL_ARB_depth_buffer_float GL_ARB
_depth_clamp GL_ARB_derivative_control GL_ARB_direct_state_access GL_ARB_draw_buffers GL_ARB_draw_buffers_blend GL_ARB_draw_elements_base_vertex GL_ARB_draw_indirect GL_ARB_draw_instanced GL_ARB_enhanced_layouts GL_ARB_explicit_attrib_location GL_ARB_explicit_uniform_location GL_ARB_fragment_coord_conventions GL_ARB_fragment_layer_viewport GL_ARB_fragment_shader GL_ARB_fragment_shader_interlock GL_ARB_framebuffer_no_attachments GL_ARB_framebuffer_object GL_ARB_framebuffer_sRGB GL_ARB_get_program_binary GL_ARB_get_texture_sub_image GL_ARB_gl_spirv GL_ARB_gpu_shader5 GL_ARB_gpu_shader_fp64 GL_ARB_gpu_shader_int64 GL_ARB_half_float_pixel GL_ARB_half_float_vertex GL_ARB_indirect_parameters GL_ARB_instanced_arrays GL_ARB_internalformat_query GL_ARB_internalformat_query2 GL_ARB_invalidate_subdata GL_ARB_map_buffer_alignment GL_ARB_map_buffer_range GL_ARB_multi_bind GL_ARB_multi_draw_indirect GL_ARB_occlusion_query2 GL_ARB_parallel_shader_compile GL_ARB_pipeline_statistics_query GL_ARB_pixel_buffer_object GL_ARB_po
int_sprite GL_ARB_polygon_offset_clamp GL_ARB_post_depth_coverage GL_ARB_program_interface_query GL_ARB_provoking_vertex GL_ARB_query_buffer_object GL_ARB_robust_buffer_access_behavior GL_ARB_robustness GL_ARB_sample_shading GL_ARB_sampler_objects GL_ARB_seamless_cube_map GL_ARB_seamless_cubemap_per_texture GL_ARB_separate_shader_objects GL_ARB_shader_atomic_counter_ops GL_ARB_shader_atomic_counters GL_ARB_shader_ballot GL_ARB_shader_bit_encoding GL_ARB_shader_clock GL_ARB_shader_draw_parameters GL_ARB_shader_group_vote GL_ARB_shader_image_load_store GL_ARB_shader_image_size GL_ARB_shader_objects GL_ARB_shader_precision GL_ARB_shader_stencil_export GL_ARB_shader_storage_buffer_object GL_ARB_shader_subroutine GL_ARB_shader_texture_image_samples GL_ARB_shader_texture_lod GL_ARB_shader_viewport_layer_array GL_ARB_shading_language_420pack GL_ARB_shading_language_include GL_ARB_shading_language_packing GL_ARB_spirv_extensions GL_ARB_stencil_texturing GL_ARB_sync GL_ARB_tessellation_shader GL_ARB_texture_barrier G
L_ARB_texture_buffer_object GL_ARB_texture_buffer_object_rgb32 GL_ARB_texture_buffer_range GL_ARB_texture_compression_bptc GL_ARB_texture_compression_rgtc GL_ARB_texture_cube_map_array GL_ARB_texture_filter_anisotropic GL_ARB_texture_float GL_ARB_texture_gather GL_ARB_texture_mirror_clamp_to_edge GL_ARB_texture_multisample GL_ARB_texture_non_power_of_two GL_ARB_texture_query_levels GL_ARB_texture_query_lod GL_ARB_texture_rectangle GL_ARB_texture_rg GL_ARB_texture_rgb10_a2ui GL_ARB_texture_stencil8 GL_ARB_texture_storage GL_ARB_texture_storage_multisample GL_ARB_texture_swizzle GL_ARB_texture_view GL_ARB_timer_query GL_ARB_transform_feedback2 GL_ARB_transform_feedback3 GL_ARB_transform_feedback_instanced GL_ARB_transform_feedback_overflow_query GL_ARB_uniform_buffer_object GL_ARB_vertex_array_bgra GL_ARB_vertex_array_object GL_ARB_vertex_attrib_64bit GL_ARB_vertex_attrib_binding GL_ARB_vertex_buffer_object GL_ARB_vertex_shader GL_ARB_vertex_type_10f_11f_11f_rev GL_ARB_vertex_type_2_10_10_10_rev GL_ARB_viewpor
t_array GL_ATI_blend_equation_separate GL_ATI_texture_float GL_EXT_EGL_image_storage GL_EXT_EGL_sync GL_EXT_abgr GL_EXT_blend_equation_separate GL_EXT_demote_to_helper_invocation GL_EXT_draw_buffers2 GL_EXT_draw_instanced GL_EXT_framebuffer_blit GL_EXT_framebuffer_multisample GL_EXT_framebuffer_multisample_blit_scaled GL_EXT_framebuffer_object GL_EXT_framebuffer_sRGB GL_EXT_packed_depth_stencil GL_EXT_packed_float GL_EXT_pixel_buffer_object GL_EXT_polygon_offset_clamp GL_EXT_provoking_vertex GL_EXT_shader_framebuffer_fetch GL_EXT_shader_framebuffer_fetch_non_coherent GL_EXT_shader_integer_mix GL_EXT_shader_samples_identical GL_EXT_texture_array GL_EXT_texture_compression_dxt1 GL_EXT_texture_compression_rgtc GL_EXT_texture_compression_s3tc GL_EXT_texture_filter_anisotropic GL_EXT_texture_integer GL_EXT_texture_sRGB GL_EXT_texture_sRGB_R8 GL_EXT_texture_sRGB_decode GL_EXT_texture_shadow_lod GL_EXT_texture_shared_exponent GL_EXT_texture_snorm GL_EXT_texture_swizzle GL_EXT_timer_query GL_EXT_transform_feedback G
L_EXT_vertex_array_bgra GL_EXT_vertex_attrib_64bit GL_IBM_multimode_draw_arrays GL_INTEL_blackhole_render GL_INTEL_conservative_rasterization GL_INTEL_performance_query GL_INTEL_shader_atomic_float_minmax GL_INTEL_shader_integer_functions2 GL_KHR_blend_equation_advanced GL_KHR_blend_equation_advanced_coherent GL_KHR_context_flush_control GL_KHR_debug GL_KHR_no_error GL_KHR_parallel_shader_compile GL_KHR_robust_buffer_access_behavior GL_KHR_robustness GL_KHR_texture_compression_astc_ldr GL_KHR_texture_compression_astc_sliced_3d GL_MESA_framebuffer_flip_y GL_MESA_pack_invert GL_MESA_shader_integer_functions GL_MESA_texture_signed_rgba GL_NV_compute_shader_derivatives GL_NV_conditional_render GL_NV_copy_image GL_NV_depth_clamp GL_NV_fragment_shader_interlock GL_NV_packed_depth_stencil GL_NV_texture_barrier GL_OES_EGL_image GL_S3_s3tc
OPENGL LOG: Creating OpenGL 4.6 graphics device ; Context level  <OpenGL 4.5> ; Context handle 1397823440
Initialize mono
Mono path[0] = '/home/emmvw/Unity/Hub/Editor/2020.3.8f1/Editor/Data/Managed'
Mono path[1] = '/home/emmvw/Unity/Hub/Editor/2020.3.8f1/Editor/Data/MonoBleedingEdge/lib/mono/unityjit'
Mono config path = '/home/emmvw/Unity/Hub/Editor/2020.3.8f1/Editor/Data/MonoBleedingEdge/etc'
Using monoOptions --debugger-agent=transport=dt_socket,embedding=1,server=y,suspend=n,address=127.0.0.1:56891
Begin MonoManager ReloadAssembly
Registering precompiled unity dll's ...
Register platform support module: /home/emmvw/Unity/Hub/Editor/2020.3.8f1/Editor/Data/PlaybackEngines/WindowsStandaloneSupport/UnityEditor.WindowsStandalone.Extensions.dll
Register platform support module: /home/emmvw/Unity/Hub/Editor/2020.3.8f1/Editor/Data/PlaybackEngines/LinuxStandaloneSupport/UnityEditor.LinuxStandalone.Extensions.dll
Registered in 0,004015 seconds.
Native extension for LinuxStandalone target not found
Native extension for WindowsStandalone target not found
Refreshing native plugins compatible for Editor in 46,66 ms, found 0 plugins.
Preloading 0 native plugins for Editor in 0,00 ms.
Mono: successfully reloaded assembly
- Completed reload, in  2,996 seconds
Platform modules already initialized, skipping
Registering precompiled user dll's ...
Registered in 0,001162 seconds.
Begin MonoManager ReloadAssembly
Native extension for LinuxStandalone target not found
Native extension for WindowsStandalone target not found
Refreshing native plugins compatible for Editor in 0,42 ms, found 0 plugins.
Preloading 0 native plugins for Editor in 0,00 ms.
Mono: successfully reloaded assembly
- Completed reload, in  1,649 seconds
Platform modules already initialized, skipping
========================================================================
Worker process is ready to serve import requests
Launched and connected shader compiler UnityShaderCompiler after 0.01 seconds
Refreshing native plugins compatible for Editor in 0,41 ms, found 0 plugins.
Preloading 0 native plugins for Editor in 0,00 ms.
Unloading 1214 Unused Serialized files (Serialized files now loaded: 0)
System memory in use before: 54,0 MB.
System memory in use after: 54,0 MB.

Unloading 22 unused Assets to reduce memory usage. Loaded Objects now: 1644.
Total: 4,270129 ms (FindLiveObjects: 0,243750 ms CreateObjectMapping: 0,094768 ms MarkObjects: 3,652566 ms  DeleteObjects: 0,276709 ms)

========================================================================
Received Import Request.
  path: Assets
  artifactKey: Guid(00000000000000001000000000000000) Importer(815301076,1909f56bfc062723c751e8b465ee728b)
Start importing Assets using Guid(00000000000000001000000000000000) Importer(815301076,1909f56bfc062723c751e8b465ee728b)  -> (artifact id: '42d402b061de3733987d63b9cc3b64de') in 0,005138 seconds
  Import took 0,009399 seconds .

========================================================================
Received Import Request.
  Time since last request: 36,875711 seconds.
  path: Assets/New Material.mat
  artifactKey: Guid(2af766515cf64d0388341c6f13c0a347) Importer(815301076,1909f56bfc062723c751e8b465ee728b)
Start importing Assets/New Material.mat using Guid(2af766515cf64d0388341c6f13c0a347) Importer(815301076,1909f56bfc062723c751e8b465ee728b)  -> (artifact id: '490cebc8dc774fbe64b68b91636ff51d') in 0,246197 seconds
  Import took 0,249740 seconds .

========================================================================
Received Import Request.
  Time since last request: 345,926211 seconds.
  path: Assets/grid.png
  artifactKey: Guid(53996d76a502b827fb2e6607974bfca0) Importer(815301076,1909f56bfc062723c751e8b465ee728b)
Start importing Assets/grid.png using Guid(53996d76a502b827fb2e6607974bfca0) Importer(815301076,1909f56bfc062723c751e8b465ee728b)  -> (artifact id: '9bcdd6adbe7ddf19dfbdc0243ddac0a8') in 0,022099 seconds
  Import took 0,026404 seconds .

========================================================================
Received Import Request.
  Time since last request: 38,556637 seconds.
  path: Assets/gridMaterial.mat
  artifactKey: Guid(2af766515cf64d0388341c6f13c0a347) Importer(815301076,1909f56bfc062723c751e8b465ee728b)
Start importing Assets/gridMaterial.mat using Guid(2af766515cf64d0388341c6f13c0a347) Importer(815301076,1909f56bfc062723c751e8b465ee728b)  -> (artifact id: '371ce6e9b3cd073b50b58db4f5ef501f') in 0,012233 seconds
  Import took 0,015264 seconds .

========================================================================
Received Import Request.
  Time since last request: 328,542256 seconds.
  path: Assets/Plane.prefab
  artifactKey: Guid(f77692eac4659f3b3997951686e27126) Importer(815301076,1909f56bfc062723c751e8b465ee728b)
Start importing Assets/Plane.prefab using Guid(f77692eac4659f3b3997951686e27126) Importer(815301076,1909f56bfc062723c751e8b465ee728b)  -> (artifact id: '03ed0528bad083c5aeebbba4c50b57c1') in 0,026490 seconds
  Import took 0,029408 seconds .

========================================================================
Received Import Request.
  Time since last request: 0,003023 seconds.
  path: Assets/Plane.prefab
  artifactKey: Guid(f77692eac4659f3b3997951686e27126) Importer(815301076,1909f56bfc062723c751e8b465ee728b)
Start importing Assets/Plane.prefab using Guid(f77692eac4659f3b3997951686e27126) Importer(815301076,1909f56bfc062723c751e8b465ee728b)  -> (artifact id: '03ed0528bad083c5aeebbba4c50b57c1') in 0,007607 seconds
  Import took 0,010629 seconds .

========================================================================
Received Import Request.
  Time since last request: 10,688326 seconds.
  path: Assets/Surface.prefab
  artifactKey: Guid(f77692eac4659f3b3997951686e27126) Importer(815301076,1909f56bfc062723c751e8b465ee728b)
Start importing Assets/Surface.prefab using Guid(f77692eac4659f3b3997951686e27126) Importer(815301076,1909f56bfc062723c751e8b465ee728b)  -> (artifact id: 'c397d70038f939268f69da80997cde28') in 0,010504 seconds
  Import took 0,014603 seconds .

========================================================================
Received Import Request.
  Time since last request: 0,002613 seconds.
  path: Assets/Surface.prefab
  artifactKey: Guid(f77692eac4659f3b3997951686e27126) Importer(815301076,1909f56bfc062723c751e8b465ee728b)
Start importing Assets/Surface.prefab using Guid(f77692eac4659f3b3997951686e27126) Importer(815301076,1909f56bfc062723c751e8b465ee728b)  -> (artifact id: 'c397d70038f939268f69da80997cde28') in 0,010504 seconds
  Import took 0,015532 seconds .

========================================================================
Received Import Request.
  Time since last request: 56,035469 seconds.
  path: Assets/gameFlow.cs
  artifactKey: Guid(cd54012a558e47ef6a3950a0da745159) Importer(815301076,1909f56bfc062723c751e8b465ee728b)
Start importing Assets/gameFlow.cs using Guid(cd54012a558e47ef6a3950a0da745159) Importer(815301076,1909f56bfc062723c751e8b465ee728b)  -> (artifact id: 'bff4af8bd90da9780fb3152b3d119fa3') in 0,002544 seconds
  Import took 0,006737 seconds .

========================================================================
Received Import Request.
  Time since last request: 0,003068 seconds.
  path: Assets/gameFlow.cs
  artifactKey: Guid(cd54012a558e47ef6a3950a0da745159) Importer(815301076,1909f56bfc062723c751e8b465ee728b)
Start importing Assets/gameFlow.cs using Guid(cd54012a558e47ef6a3950a0da745159) Importer(815301076,1909f56bfc062723c751e8b465ee728b)  -> (artifact id: 'bff4af8bd90da9780fb3152b3d119fa3') in 0,001253 seconds
  Import took 0,005821 seconds .

========================================================================
Received Prepare
Registering precompiled user dll's ...
Registered in 0,000703 seconds.
Begin MonoManager ReloadAssembly
Native extension for LinuxStandalone target not found
Native extension for WindowsStandalone target not found
Refreshing native plugins compatible for Editor in 0,40 ms, found 0 plugins.
Preloading 0 native plugins for Editor in 0,00 ms.
Mono: successfully reloaded assembly
- Completed reload, in  1,215 seconds
Platform modules already initialized, skipping
Refreshing native plugins compatible for Editor in 0,40 ms, found 0 plugins.
Preloading 0 native plugins for Editor in 0,00 ms.
Unloading 1209 Unused Serialized files (Serialized files now loaded: 0)
System memory in use before: 55,5 MB.
System memory in use after: 55,5 MB.

Unloading 17 unused Assets to reduce memory usage. Loaded Objects now: 1691.
Total: 3,078161 ms (FindLiveObjects: 0,176274 ms CreateObjectMapping: 0,057261 ms MarkObjects: 2,787626 ms  DeleteObjects: 0,055188 ms)

========================================================================
Received Prepare
Registering precompiled user dll's ...
Registered in 0,000742 seconds.
Begin MonoManager ReloadAssembly
Native extension for LinuxStandalone target not found
Native extension for WindowsStandalone target not found
Refreshing native plugins compatible for Editor in 0,41 ms, found 0 plugins.
Preloading 0 native plugins for Editor in 0,00 ms.
Mono: successfully reloaded assembly
- Completed reload, in  1,189 seconds
Platform modules already initialized, skipping
Refreshing native plugins compatible for Editor in 0,40 ms, found 0 plugins.
Preloading 0 native plugins for Editor in 0,00 ms.
Unloading 1209 Unused Serialized files (Serialized files now loaded: 0)
System memory in use before: 55,5 MB.
System memory in use after: 55,5 MB.

Unloading 17 unused Assets to reduce memory usage. Loaded Objects now: 1694.
Total: 9,935751 ms (FindLiveObjects: 0,283267 ms CreateObjectMapping: 0,099667 ms MarkObjects: 9,489809 ms  DeleteObjects: 0,060355 ms)

========================================================================
Received Import Request.
  Time since last request: 220,927000 seconds.
  path: Assets/gameFlow.cs
  artifactKey: Guid(cd54012a558e47ef6a3950a0da745159) Importer(815301076,1909f56bfc062723c751e8b465ee728b)
Start importing Assets/gameFlow.cs using Guid(cd54012a558e47ef6a3950a0da745159) Importer(815301076,1909f56bfc062723c751e8b465ee728b)  -> (artifact id: 'b8f48f78e76aeea5ae470bc572bd60e5') in 0,003525 seconds
  Import took 0,006096 seconds .

========================================================================
Received Import Request.
  Time since last request: 77,114090 seconds.
  path: Assets/gameFlow.cs
  artifactKey: Guid(cd54012a558e47ef6a3950a0da745159) Importer(815301076,1909f56bfc062723c751e8b465ee728b)
Start importing Assets/gameFlow.cs using Guid(cd54012a558e47ef6a3950a0da745159) Importer(815301076,1909f56bfc062723c751e8b465ee728b)  -> (artifact id: '80b2b0be1af08135886d9f0cb0376cfc') in 0,001900 seconds
  Import took 0,004934 seconds .

========================================================================
Received Import Request.
  Time since last request: 0,003250 seconds.
  path: Assets/gameFlow.cs
  artifactKey: Guid(cd54012a558e47ef6a3950a0da745159) Importer(815301076,1909f56bfc062723c751e8b465ee728b)
Start importing Assets/gameFlow.cs using Guid(cd54012a558e47ef6a3950a0da745159) Importer(815301076,1909f56bfc062723c751e8b465ee728b)  -> (artifact id: '80b2b0be1af08135886d9f0cb0376cfc') in 0,001472 seconds
  Import took 0,004804 seconds .

========================================================================
Received Prepare
Registering precompiled user dll's ...
Registered in 0,001116 seconds.
Begin MonoManager ReloadAssembly
Native extension for LinuxStandalone target not found
Native extension for WindowsStandalone target not found
Refreshing native plugins compatible for Editor in 0,71 ms, found 0 plugins.
Preloading 0 native plugins for Editor in 0,00 ms.
Mono: successfully reloaded assembly
- Completed reload, in  1,274 seconds
Platform modules already initialized, skipping
Refreshing native plugins compatible for Editor in 0,43 ms, found 0 plugins.
Preloading 0 native plugins for Editor in 0,00 ms.
Unloading 1209 Unused Serialized files (Serialized files now loaded: 0)
System memory in use before: 55,5 MB.
System memory in use after: 55,6 MB.

Unloading 17 unused Assets to reduce memory usage. Loaded Objects now: 1697.
Total: 4,360912 ms (FindLiveObjects: 0,316442 ms CreateObjectMapping: 0,122316 ms MarkObjects: 3,838796 ms  DeleteObjects: 0,080603 ms)

========================================================================
Received Prepare
Registering precompiled user dll's ...
Registered in 0,000779 seconds.
Begin MonoManager ReloadAssembly
Native extension for LinuxStandalone target not found
Native extension for WindowsStandalone target not found
Refreshing native plugins compatible for Editor in 0,47 ms, found 0 plugins.
Preloading 0 native plugins for Editor in 0,00 ms.
Mono: successfully reloaded assembly
- Completed reload, in  1,478 seconds
Platform modules already initialized, skipping
Refreshing native plugins compatible for Editor in 0,40 ms, found 0 plugins.
Preloading 0 native plugins for Editor in 0,00 ms.
Unloading 1209 Unused Serialized files (Serialized files now loaded: 0)
System memory in use before: 55,5 MB.
System memory in use after: 55,6 MB.

Unloading 17 unused Assets to reduce memory usage. Loaded Objects now: 1700.
Total: 3,107340 ms (FindLiveObjects: 0,180553 ms CreateObjectMapping: 0,049168 ms MarkObjects: 2,815752 ms  DeleteObjects: 0,059953 ms)

========================================================================
Received Prepare
Registering precompiled user dll's ...
Registered in 0,001179 seconds.
Begin MonoManager ReloadAssembly
Native extension for LinuxStandalone target not found
Native extension for WindowsStandalone target not found
Refreshing native plugins compatible for Editor in 0,40 ms, found 0 plugins.
Preloading 0 native plugins for Editor in 0,00 ms.
Mono: successfully reloaded assembly
- Completed reload, in  1,256 seconds
Platform modules already initialized, skipping
Refreshing native plugins compatible for Editor in 0,44 ms, found 0 plugins.
Preloading 0 native plugins for Editor in 0,00 ms.
Unloading 1209 Unused Serialized files (Serialized files now loaded: 0)
System memory in use before: 55,5 MB.
System memory in use after: 55,6 MB.

Unloading 17 unused Assets to reduce memory usage. Loaded Objects now: 1703.
Total: 2,996347 ms (FindLiveObjects: 0,202133 ms CreateObjectMapping: 0,056197 ms MarkObjects: 2,675146 ms  DeleteObjects: 0,061186 ms)

========================================================================
Received Import Request.
  Time since last request: 376,840350 seconds.
  path: Assets/Surface.prefab
  artifactKey: Guid(f77692eac4659f3b3997951686e27126) Importer(815301076,1909f56bfc062723c751e8b465ee728b)
Start importing Assets/Surface.prefab using Guid(f77692eac4659f3b3997951686e27126) Importer(815301076,1909f56bfc062723c751e8b465ee728b)  -> (artifact id: '15b5cebb3dd77cd6fa07b00ba5682158') in 0,097987 seconds
  Import took 0,101901 seconds .

========================================================================
Received Import Request.
  Time since last request: 3,935673 seconds.
  path: Assets/Surface.prefab
  artifactKey: Guid(f77692eac4659f3b3997951686e27126) Importer(815301076,1909f56bfc062723c751e8b465ee728b)
Start importing Assets/Surface.prefab using Guid(f77692eac4659f3b3997951686e27126) Importer(815301076,1909f56bfc062723c751e8b465ee728b)  -> (artifact id: 'f21a27e9bae171cf76d36a35da997f82') in 0,010039 seconds
  Import took 0,014311 seconds .

========================================================================
Received Import Request.
  Time since last request: 0,009503 seconds.
  path: Assets/Surface.prefab
  artifactKey: Guid(f77692eac4659f3b3997951686e27126) Importer(815301076,1909f56bfc062723c751e8b465ee728b)
Start importing Assets/Surface.prefab using Guid(f77692eac4659f3b3997951686e27126) Importer(815301076,1909f56bfc062723c751e8b465ee728b)  -> (artifact id: 'f21a27e9bae171cf76d36a35da997f82') in 0,010311 seconds
  Import took 0,016186 seconds .

========================================================================
Received Prepare
Registering precompiled user dll's ...
Registered in 0,000713 seconds.
Begin MonoManager ReloadAssembly
Native extension for LinuxStandalone target not found
Native extension for WindowsStandalone target not found
Refreshing native plugins compatible for Editor in 0,42 ms, found 0 plugins.
Preloading 0 native plugins for Editor in 0,00 ms.
Mono: successfully reloaded assembly
- Completed reload, in  1,238 seconds
Platform modules already initialized, skipping
Refreshing native plugins compatible for Editor in 0,40 ms, found 0 plugins.
Preloading 0 native plugins for Editor in 0,00 ms.
Unloading 1209 Unused Serialized files (Serialized files now loaded: 0)
System memory in use before: 55,6 MB.
System memory in use after: 55,6 MB.

Unloading 17 unused Assets to reduce memory usage. Loaded Objects now: 1707.
Total: 2,828938 ms (FindLiveObjects: 0,173325 ms CreateObjectMapping: 0,046990 ms MarkObjects: 2,548654 ms  DeleteObjects: 0,058369 ms)

========================================================================
Received Prepare
Registering precompiled user dll's ...
Registered in 0,000791 seconds.
Begin MonoManager ReloadAssembly
Native extension for LinuxStandalone target not found
Native extension for WindowsStandalone target not found
Refreshing native plugins compatible for Editor in 0,40 ms, found 0 plugins.
Preloading 0 native plugins for Editor in 0,00 ms.
Mono: successfully reloaded assembly
- Completed reload, in  1,171 seconds
Platform modules already initialized, skipping
Refreshing native plugins compatible for Editor in 0,40 ms, found 0 plugins.
Preloading 0 native plugins for Editor in 0,00 ms.
Unloading 1209 Unused Serialized files (Serialized files now loaded: 0)
System memory in use before: 55,6 MB.
System memory in use after: 55,6 MB.

Unloading 17 unused Assets to reduce memory usage. Loaded Objects now: 1710.
Total: 2,943425 ms (FindLiveObjects: 0,183433 ms CreateObjectMapping: 0,045666 ms MarkObjects: 2,653325 ms  DeleteObjects: 0,059450 ms)

========================================================================
Received Import Request.
  Time since last request: 936,817346 seconds.
  path: Assets/controller.cs
  artifactKey: Guid(cd54012a558e47ef6a3950a0da745159) Importer(815301076,1909f56bfc062723c751e8b465ee728b)
Start importing Assets/controller.cs using Guid(cd54012a558e47ef6a3950a0da745159) Importer(815301076,1909f56bfc062723c751e8b465ee728b)  -> (artifact id: '841dcf8e6cf375f1943c531b7d19052d') in 0,006732 seconds
  Import took 0,012059 seconds .

========================================================================
Received Import Request.
  Time since last request: 0,012147 seconds.
  path: Assets/controller.cs
  artifactKey: Guid(cd54012a558e47ef6a3950a0da745159) Importer(815301076,1909f56bfc062723c751e8b465ee728b)
Start importing Assets/controller.cs using Guid(cd54012a558e47ef6a3950a0da745159) Importer(815301076,1909f56bfc062723c751e8b465ee728b)  -> (artifact id: '841dcf8e6cf375f1943c531b7d19052d') in 0,000924 seconds
  Import took 0,003866 seconds .

========================================================================
Received Prepare
Registering precompiled user dll's ...
Registered in 0,000792 seconds.
Begin MonoManager ReloadAssembly
Native extension for LinuxStandalone target not found
Native extension for WindowsStandalone target not found
Refreshing native plugins compatible for Editor in 0,41 ms, found 0 plugins.
Preloading 0 native plugins for Editor in 0,00 ms.
Mono: successfully reloaded assembly
- Completed reload, in  1,239 seconds
Platform modules already initialized, skipping
Refreshing native plugins compatible for Editor in 0,41 ms, found 0 plugins.
Preloading 0 native plugins for Editor in 0,00 ms.
Unloading 1209 Unused Serialized files (Serialized files now loaded: 0)
System memory in use before: 55,6 MB.
System memory in use after: 55,6 MB.

Unloading 17 unused Assets to reduce memory usage. Loaded Objects now: 1713.
Total: 2,918753 ms (FindLiveObjects: 0,184100 ms CreateObjectMapping: 0,046516 ms MarkObjects: 2,625710 ms  DeleteObjects: 0,060584 ms)

========================================================================
Received Prepare
Registering precompiled user dll's ...
Registered in 0,000780 seconds.
Begin MonoManager ReloadAssembly
Native extension for LinuxStandalone target not found
Native extension for WindowsStandalone target not found
Refreshing native plugins compatible for Editor in 0,41 ms, found 0 plugins.
Preloading 0 native plugins for Editor in 0,00 ms.
Mono: successfully reloaded assembly
- Completed reload, in  1,303 seconds
Platform modules already initialized, skipping
Refreshing native plugins compatible for Editor in 0,40 ms, found 0 plugins.
Preloading 0 native plugins for Editor in 0,00 ms.
Unloading 1209 Unused Serialized files (Serialized files now loaded: 0)
System memory in use before: 55,7 MB.
System memory in use after: 55,7 MB.

Unloading 17 unused Assets to reduce memory usage. Loaded Objects now: 1716.
Total: 3,672655 ms (FindLiveObjects: 0,214937 ms CreateObjectMapping: 0,066643 ms MarkObjects: 3,326489 ms  DeleteObjects: 0,063007 ms)

========================================================================
Received Prepare
Registering precompiled user dll's ...
Registered in 0,001398 seconds.
Begin MonoManager ReloadAssembly
Native extension for LinuxStandalone target not found
Native extension for WindowsStandalone target not found
Refreshing native plugins compatible for Editor in 0,60 ms, found 0 plugins.
Preloading 0 native plugins for Editor in 0,00 ms.
Mono: successfully reloaded assembly
- Completed reload, in  1,555 seconds
Platform modules already initialized, skipping
Refreshing native plugins compatible for Editor in 0,49 ms, found 0 plugins.
Preloading 0 native plugins for Editor in 0,00 ms.
Unloading 1209 Unused Serialized files (Serialized files now loaded: 0)
System memory in use before: 55,7 MB.
System memory in use after: 55,7 MB.

Unloading 17 unused Assets to reduce memory usage. Loaded Objects now: 1719.
Total: 3,904783 ms (FindLiveObjects: 0,179671 ms CreateObjectMapping: 0,049641 ms MarkObjects: 3,586783 ms  DeleteObjects: 0,086590 ms)

========================================================================
Received Import Request.
  Time since last request: 95,305049 seconds.
  path: Assets/camera.cs
  artifactKey: Guid(1001d5b15689437f18d6847a428496a6) Importer(815301076,1909f56bfc062723c751e8b465ee728b)
Start importing Assets/camera.cs using Guid(1001d5b15689437f18d6847a428496a6) Importer(815301076,1909f56bfc062723c751e8b465ee728b)  -> (artifact id: '95556ce7da2aeef73bd2b47d30e96dec') in 0,006434 seconds
  Import took 0,010546 seconds .

========================================================================
Received Prepare
Registering precompiled user dll's ...
Registered in 0,000695 seconds.
Begin MonoManager ReloadAssembly
Native extension for LinuxStandalone target not found
Native extension for WindowsStandalone target not found
Refreshing native plugins compatible for Editor in 0,41 ms, found 0 plugins.
Preloading 0 native plugins for Editor in 0,00 ms.
Mono: successfully reloaded assembly
- Completed reload, in  1,290 seconds
Platform modules already initialized, skipping
Refreshing native plugins compatible for Editor in 0,42 ms, found 0 plugins.
Preloading 0 native plugins for Editor in 0,00 ms.
Unloading 1210 Unused Serialized files (Serialized files now loaded: 0)
System memory in use before: 55,7 MB.
System memory in use after: 55,7 MB.

Unloading 17 unused Assets to reduce memory usage. Loaded Objects now: 1723.
Total: 3,391008 ms (FindLiveObjects: 0,224562 ms CreateObjectMapping: 0,058428 ms MarkObjects: 3,039293 ms  DeleteObjects: 0,066300 ms)

========================================================================
Received Prepare
Registering precompiled user dll's ...
Registered in 0,001104 seconds.
Begin MonoManager ReloadAssembly
Native extension for LinuxStandalone target not found
Native extension for WindowsStandalone target not found
Refreshing native plugins compatible for Editor in 0,40 ms, found 0 plugins.
Preloading 0 native plugins for Editor in 0,00 ms.
Mono: successfully reloaded assembly
- Completed reload, in  1,204 seconds
Platform modules already initialized, skipping
Refreshing native plugins compatible for Editor in 0,40 ms, found 0 plugins.
Preloading 0 native plugins for Editor in 0,00 ms.
Unloading 1210 Unused Serialized files (Serialized files now loaded: 0)
System memory in use before: 55,7 MB.
System memory in use after: 55,7 MB.

Unloading 17 unused Assets to reduce memory usage. Loaded Objects now: 1726.
Total: 3,112209 ms (FindLiveObjects: 0,181427 ms CreateObjectMapping: 0,051847 ms MarkObjects: 2,815143 ms  DeleteObjects: 0,061490 ms)

========================================================================
Received Import Request.
  Time since last request: 6724,328260 seconds.
  path: Assets/camera.cs
  artifactKey: Guid(1001d5b15689437f18d6847a428496a6) Importer(815301076,1909f56bfc062723c751e8b465ee728b)
Start importing Assets/camera.cs using Guid(1001d5b15689437f18d6847a428496a6) Importer(815301076,1909f56bfc062723c751e8b465ee728b)  -> (artifact id: 'e2501a77650127d1afe7a58e6f320ace') in 0,003759 seconds
  Import took 0,006211 seconds .

========================================================================
Received Prepare
Registering precompiled user dll's ...
Registered in 0,000863 seconds.
Begin MonoManager ReloadAssembly
Native extension for LinuxStandalone target not found
Native extension for WindowsStandalone target not found
Refreshing native plugins compatible for Editor in 0,49 ms, found 0 plugins.
Preloading 0 native plugins for Editor in 0,00 ms.
Mono: successfully reloaded assembly
- Completed reload, in  1,412 seconds
Platform modules already initialized, skipping
Refreshing native plugins compatible for Editor in 0,57 ms, found 0 plugins.
Preloading 0 native plugins for Editor in 0,00 ms.
Unloading 1210 Unused Serialized files (Serialized files now loaded: 0)
System memory in use before: 55,7 MB.
System memory in use after: 55,7 MB.

Unloading 17 unused Assets to reduce memory usage. Loaded Objects now: 1729.
Total: 3,373770 ms (FindLiveObjects: 0,187131 ms CreateObjectMapping: 0,053397 ms MarkObjects: 3,010056 ms  DeleteObjects: 0,118877 ms)

========================================================================
Received Prepare
Registering precompiled user dll's ...
Registered in 0,001183 seconds.
Begin MonoManager ReloadAssembly
Native extension for LinuxStandalone target not found
Native extension for WindowsStandalone target not found
Refreshing native plugins compatible for Editor in 0,41 ms, found 0 plugins.
Preloading 0 native plugins for Editor in 0,00 ms.
Mono: successfully reloaded assembly
- Completed reload, in  1,209 seconds
Platform modules already initialized, skipping
Refreshing native plugins compatible for Editor in 0,40 ms, found 0 plugins.
Preloading 0 native plugins for Editor in 0,00 ms.
Unloading 1210 Unused Serialized files (Serialized files now loaded: 0)
System memory in use before: 55,7 MB.
System memory in use after: 55,7 MB.

Unloading 17 unused Assets to reduce memory usage. Loaded Objects now: 1732.
Total: 2,862528 ms (FindLiveObjects: 0,194758 ms CreateObjectMapping: 0,050587 ms MarkObjects: 2,551295 ms  DeleteObjects: 0,064246 ms)

========================================================================
Received Prepare
Registering precompiled user dll's ...
Registered in 0,001077 seconds.
Begin MonoManager ReloadAssembly
Native extension for LinuxStandalone target not found
Native extension for WindowsStandalone target not found
Refreshing native plugins compatible for Editor in 0,42 ms, found 0 plugins.
Preloading 0 native plugins for Editor in 0,00 ms.
Mono: successfully reloaded assembly
- Completed reload, in  1,214 seconds
Platform modules already initialized, skipping
Refreshing native plugins compatible for Editor in 0,40 ms, found 0 plugins.
Preloading 0 native plugins for Editor in 0,00 ms.
Unloading 1210 Unused Serialized files (Serialized files now loaded: 0)
System memory in use before: 55,7 MB.
System memory in use after: 55,8 MB.

Unloading 17 unused Assets to reduce memory usage. Loaded Objects now: 1735.
Total: 3,503849 ms (FindLiveObjects: 0,192125 ms CreateObjectMapping: 0,051482 ms MarkObjects: 3,194399 ms  DeleteObjects: 0,064177 ms)

========================================================================
Received Prepare
Registering precompiled user dll's ...
Registered in 0,001106 seconds.
Begin MonoManager ReloadAssembly
Native extension for LinuxStandalone target not found
Native extension for WindowsStandalone target not found
Refreshing native plugins compatible for Editor in 0,69 ms, found 0 plugins.
Preloading 0 native plugins for Editor in 0,00 ms.
Mono: successfully reloaded assembly
- Completed reload, in  1,233 seconds
Platform modules already initialized, skipping
Refreshing native plugins compatible for Editor in 0,40 ms, found 0 plugins.
Preloading 0 native plugins for Editor in 0,00 ms.
Unloading 1210 Unused Serialized files (Serialized files now loaded: 0)
System memory in use before: 55,7 MB.
System memory in use after: 55,8 MB.

Unloading 17 unused Assets to reduce memory usage. Loaded Objects now: 1738.
Total: 3,050252 ms (FindLiveObjects: 0,185734 ms CreateObjectMapping: 0,056097 ms MarkObjects: 2,745045 ms  DeleteObjects: 0,061680 ms)

========================================================================
Received Prepare
Registering precompiled user dll's ...
Registered in 0,000817 seconds.
Begin MonoManager ReloadAssembly
Native extension for LinuxStandalone target not found
Native extension for WindowsStandalone target not found
Refreshing native plugins compatible for Editor in 0,80 ms, found 0 plugins.
Preloading 0 native plugins for Editor in 0,00 ms.
Mono: successfully reloaded assembly
- Completed reload, in  1,288 seconds
Platform modules already initialized, skipping
Refreshing native plugins compatible for Editor in 0,41 ms, found 0 plugins.
Preloading 0 native plugins for Editor in 0,00 ms.
Unloading 1210 Unused Serialized files (Serialized files now loaded: 0)
System memory in use before: 55,7 MB.
System memory in use after: 55,8 MB.

Unloading 17 unused Assets to reduce memory usage. Loaded Objects now: 1741.
Total: 2,851927 ms (FindLiveObjects: 0,177127 ms CreateObjectMapping: 0,051282 ms MarkObjects: 2,562317 ms  DeleteObjects: 0,059710 ms)

========================================================================
Received Prepare
Registering precompiled user dll's ...
Registered in 0,000863 seconds.
Begin MonoManager ReloadAssembly
Native extension for LinuxStandalone target not found
Native extension for WindowsStandalone target not found
Refreshing native plugins compatible for Editor in 0,42 ms, found 0 plugins.
Preloading 0 native plugins for Editor in 0,00 ms.
Mono: successfully reloaded assembly
- Completed reload, in  1,370 seconds
Platform modules already initialized, skipping
Refreshing native plugins compatible for Editor in 0,40 ms, found 0 plugins.
Preloading 0 native plugins for Editor in 0,00 ms.
Unloading 1210 Unused Serialized files (Serialized files now loaded: 0)
System memory in use before: 55,7 MB.
System memory in use after: 55,8 MB.

Unloading 17 unused Assets to reduce memory usage. Loaded Objects now: 1744.
Total: 3,169392 ms (FindLiveObjects: 0,230189 ms CreateObjectMapping: 0,049812 ms MarkObjects: 2,823623 ms  DeleteObjects: 0,064072 ms)

